D:\Visual Studio 2010\Projects\cos-sim_result_rows\cos-sim_result_rows\Debug\cl.command.1.tlog
D:\Visual Studio 2010\Projects\cos-sim_result_rows\cos-sim_result_rows\Debug\CL.read.1.tlog
D:\Visual Studio 2010\Projects\cos-sim_result_rows\cos-sim_result_rows\Debug\CL.write.1.tlog
D:\VISUAL STUDIO 2010\PROJECTS\COS-SIM_RESULT_ROWS\COS-SIM_RESULT_ROWS\DEBUG\COS-SIM_RESULT_ROWS.EXE.EMBED.MANIFEST
D:\VISUAL STUDIO 2010\PROJECTS\COS-SIM_RESULT_ROWS\COS-SIM_RESULT_ROWS\DEBUG\COS-SIM_RESULT_ROWS.EXE.EMBED.MANIFEST.RES
D:\VISUAL STUDIO 2010\PROJECTS\COS-SIM_RESULT_ROWS\COS-SIM_RESULT_ROWS\DEBUG\COS-SIM_RESULT_ROWS.EXE.INTERMEDIATE.MANIFEST
D:\VISUAL STUDIO 2010\PROJECTS\COS-SIM_RESULT_ROWS\COS-SIM_RESULT_ROWS\DEBUG\COS-SIM_RESULT_ROWS.OBJ
D:\Visual Studio 2010\Projects\cos-sim_result_rows\cos-sim_result_rows\Debug\cos-sim_result_rows.vcxprojResolveAssemblyReference.cache
D:\Visual Studio 2010\Projects\cos-sim_result_rows\cos-sim_result_rows\Debug\cos-sim_result_rows.write.1.tlog
D:\Visual Studio 2010\Projects\cos-sim_result_rows\cos-sim_result_rows\Debug\cos-sim_result_rows_manifest.rc
D:\Visual Studio 2010\Projects\cos-sim_result_rows\cos-sim_result_rows\Debug\link.7012.read.1.tlog
D:\Visual Studio 2010\Projects\cos-sim_result_rows\cos-sim_result_rows\Debug\link.7012.write.1.tlog
D:\Visual Studio 2010\Projects\cos-sim_result_rows\cos-sim_result_rows\Debug\link.7012-cvtres.read.1.tlog
D:\Visual Studio 2010\Projects\cos-sim_result_rows\cos-sim_result_rows\Debug\link.7012-cvtres.write.1.tlog
D:\Visual Studio 2010\Projects\cos-sim_result_rows\cos-sim_result_rows\Debug\link.command.1.tlog
D:\Visual Studio 2010\Projects\cos-sim_result_rows\cos-sim_result_rows\Debug\link.read.1.tlog
D:\Visual Studio 2010\Projects\cos-sim_result_rows\cos-sim_result_rows\Debug\link.write.1.tlog
D:\Visual Studio 2010\Projects\cos-sim_result_rows\cos-sim_result_rows\Debug\link-cvtres.read.1.tlog
D:\Visual Studio 2010\Projects\cos-sim_result_rows\cos-sim_result_rows\Debug\link-cvtres.write.1.tlog
D:\Visual Studio 2010\Projects\cos-sim_result_rows\cos-sim_result_rows\Debug\mt.command.1.tlog
D:\Visual Studio 2010\Projects\cos-sim_result_rows\cos-sim_result_rows\Debug\mt.read.1.tlog
D:\Visual Studio 2010\Projects\cos-sim_result_rows\cos-sim_result_rows\Debug\mt.write.1.tlog
D:\Visual Studio 2010\Projects\cos-sim_result_rows\cos-sim_result_rows\Debug\rc.command.1.tlog
D:\Visual Studio 2010\Projects\cos-sim_result_rows\cos-sim_result_rows\Debug\rc.read.1.tlog
D:\Visual Studio 2010\Projects\cos-sim_result_rows\cos-sim_result_rows\Debug\rc.write.1.tlog
D:\VISUAL STUDIO 2010\PROJECTS\COS-SIM_RESULT_ROWS\COS-SIM_RESULT_ROWS\DEBUG\TIME.OBJ
D:\Visual Studio 2010\Projects\cos-sim_result_rows\cos-sim_result_rows\Debug\vc100.idb
D:\VISUAL STUDIO 2010\PROJECTS\COS-SIM_RESULT_ROWS\COS-SIM_RESULT_ROWS\DEBUG\VC100.PDB
D:\VISUAL STUDIO 2010\PROJECTS\COS-SIM_RESULT_ROWS\DEBUG\COS-SIM_RESULT_ROWS.EXE
D:\VISUAL STUDIO 2010\PROJECTS\COS-SIM_RESULT_ROWS\DEBUG\COS-SIM_RESULT_ROWS.ILK
D:\VISUAL STUDIO 2010\PROJECTS\COS-SIM_RESULT_ROWS\DEBUG\COS-SIM_RESULT_ROWS.PDB
