2017/06/20 17:13:44 にビルドを開始しました。
     1>ノード 2 上のプロジェクト "D:\Visual Studio 2010\Projects\cos-sim_result_rows\cos-sim_result_rows\cos-sim_result_rows.vcxproj" (build ターゲット)。
     1>InitializeBuildStatus:
         "AlwaysCreate" が指定されたため "Debug\cos-sim_result_rows.unsuccessfulbuild" を作成しています。
       ClCompile:
         C:\Program Files (x86)\Microsoft Visual Studio 10.0\VC\bin\CL.exe /c /ZI /nologo /W3 /WX- /Od /Oy- /D WIN32 /D _DEBUG /D _CONSOLE /D _UNICODE /D UNICODE /Gm /EHsc /RTC1 /MDd /GS /fp:precise /Zc:wchar_t /Zc:forScope /Fo"Debug\\" /Fd"Debug\vc100.pdb" /Gd /TP /analyze- /errorReport:prompt "cos-sim_result_rows.cpp"
         cos-sim_result_rows.cpp
     1>d:\visual studio 2010\projects\cos-sim_result_rows\cos-sim_result_rows\cos-sim_result_rows.cpp(55): warning C4996: 'sprintf': This function or variable may be unsafe. Consider using sprintf_s instead. To disable deprecation, use _CRT_SECURE_NO_WARNINGS. See online help for details.
                 c:\program files (x86)\microsoft visual studio 10.0\vc\include\stdio.h(371) : 'sprintf' の宣言を確認してください。
     1>d:\visual studio 2010\projects\cos-sim_result_rows\cos-sim_result_rows\cos-sim_result_rows.cpp(56): warning C4996: 'sprintf': This function or variable may be unsafe. Consider using sprintf_s instead. To disable deprecation, use _CRT_SECURE_NO_WARNINGS. See online help for details.
                 c:\program files (x86)\microsoft visual studio 10.0\vc\include\stdio.h(371) : 'sprintf' の宣言を確認してください。
     1>d:\visual studio 2010\projects\cos-sim_result_rows\cos-sim_result_rows\cos-sim_result_rows.cpp(58): warning C4996: 'fopen': This function or variable may be unsafe. Consider using fopen_s instead. To disable deprecation, use _CRT_SECURE_NO_WARNINGS. See online help for details.
                 c:\program files (x86)\microsoft visual studio 10.0\vc\include\stdio.h(234) : 'fopen' の宣言を確認してください。
     1>d:\visual studio 2010\projects\cos-sim_result_rows\cos-sim_result_rows\cos-sim_result_rows.cpp(59): warning C4996: 'fopen': This function or variable may be unsafe. Consider using fopen_s instead. To disable deprecation, use _CRT_SECURE_NO_WARNINGS. See online help for details.
                 c:\program files (x86)\microsoft visual studio 10.0\vc\include\stdio.h(234) : 'fopen' の宣言を確認してください。
     1>d:\visual studio 2010\projects\cos-sim_result_rows\cos-sim_result_rows\cos-sim_result_rows.cpp(66): warning C4996: 'sprintf': This function or variable may be unsafe. Consider using sprintf_s instead. To disable deprecation, use _CRT_SECURE_NO_WARNINGS. See online help for details.
                 c:\program files (x86)\microsoft visual studio 10.0\vc\include\stdio.h(371) : 'sprintf' の宣言を確認してください。
     1>d:\visual studio 2010\projects\cos-sim_result_rows\cos-sim_result_rows\cos-sim_result_rows.cpp(67): warning C4996: 'sprintf': This function or variable may be unsafe. Consider using sprintf_s instead. To disable deprecation, use _CRT_SECURE_NO_WARNINGS. See online help for details.
                 c:\program files (x86)\microsoft visual studio 10.0\vc\include\stdio.h(371) : 'sprintf' の宣言を確認してください。
       ManifestResourceCompile:
         すべての出力が最新のものです。
       Link:
         C:\Program Files (x86)\Microsoft Visual Studio 10.0\VC\bin\link.exe /ERRORREPORT:PROMPT /OUT:"D:\Visual Studio 2010\Projects\cos-sim_result_rows\Debug\cos-sim_result_rows.exe" /INCREMENTAL /NOLOGO kernel32.lib user32.lib gdi32.lib winspool.lib comdlg32.lib advapi32.lib shell32.lib ole32.lib oleaut32.lib uuid.lib odbc32.lib odbccp32.lib /MANIFEST /ManifestFile:"Debug\cos-sim_result_rows.exe.intermediate.manifest" /MANIFESTUAC:"level='asInvoker' uiAccess='false'" /DEBUG /PDB:"D:\Visual Studio 2010\Projects\cos-sim_result_rows\Debug\cos-sim_result_rows.pdb" /SUBSYSTEM:CONSOLE /TLBID:1 /DYNAMICBASE /NXCOMPAT /IMPLIB:"D:\Visual Studio 2010\Projects\cos-sim_result_rows\Debug\cos-sim_result_rows.lib" /MACHINE:X86 "Debug\cos-sim_result_rows.exe.embed.manifest.res"
         "Debug\cos-sim_result_rows.obj"
         Debug\time.obj
       Manifest:
         C:\Program Files (x86)\Microsoft SDKs\Windows\v7.0A\bin\mt.exe /nologo /verbose /out:"Debug\cos-sim_result_rows.exe.embed.manifest" /manifest "Debug\cos-sim_result_rows.exe.intermediate.manifest"
         すべての出力が最新のものです。
       LinkEmbedManifest:
         すべての出力が最新のものです。
         cos-sim_result_rows.vcxproj -> D:\Visual Studio 2010\Projects\cos-sim_result_rows\Debug\cos-sim_result_rows.exe
       FinalizeBuildStatus:
         ファイル "Debug\cos-sim_result_rows.unsuccessfulbuild" を削除しています。
         "Debug\cos-sim_result_rows.lastbuildstate" のタッチ タスクを実行しています。
     1>プロジェクト "D:\Visual Studio 2010\Projects\cos-sim_result_rows\cos-sim_result_rows\cos-sim_result_rows.vcxproj" (build ターゲット) のビルドが完了しました。

ビルドに成功しました。

経過時間 00:00:01.34
